
icetime topological timing analysis report
==========================================

Info: max_span_hack is enabled: estimate is conservative.

Report for critical path:
-------------------------

        pre_io_0_23_1 (PRE_IO) [clk] -> DIN0: 0.307 ns
     0.307 ns net_2546 (PIN_6$2)
        odrv_0_23_2546_2582 (Odrv12) I -> O: 0.796 ns
        t16 (Span12Mux_h12) I -> O: 0.796 ns
        t15 (Span12Mux_h12) I -> O: 0.796 ns
        t14 (Span12Mux_v12) I -> O: 0.796 ns
        t13 (Sp12to4) I -> O: 0.662 ns
        t12 (Span4Mux_v4) I -> O: 0.548 ns
        t11 (Span4Mux_h4) I -> O: 0.465 ns
        t10 (IoSpan4Mux) I -> O: 0.475 ns
        t9 (LocalMux) I -> O: 0.486 ns
        inmux_33_2_134275_134262 (IoInMux) I -> O: 0.382 ns
     6.509 ns net_134262 (PIN_6$2)
        pre_io_33_2_0 (PRE_IO) DOUT0 [setup]: 0.103 ns
     6.612 ns io_pad_33_2_0_din

Resolvable net names on path:
     0.307 ns ..  6.509 ns PIN_6$2

Total number of logic levels: 1
Total path delay: 6.61 ns (151.23 MHz)

